Arguments: 
  /usr/bin/node /usr/bin/yarnpkg

PATH: 
  /home/hersen/self/plays/gatsby/gatsby-blog/node_modules/.bin:/home/hersen/self/plays/gatsby/node_modules/.bin:/home/hersen/self/plays/node_modules/.bin:/home/hersen/self/node_modules/.bin:/home/hersen/node_modules/.bin:/home/node_modules/.bin:/node_modules/.bin:/usr/bin:/usr/local/sbin:/usr/local/bin:/usr/sbin:/usr/bin:/sbin:/bin:/usr/games:/usr/local/games

Yarn version: 
  1.9.4

Node version: 
  8.11.3

Platform: 
  linux x64

Trace: 
  Error: ENOENT: no such file or directory, lstat '/usr/local/share/.cache/yarn/v2/npm-read-pkg-1.1.0-f5ffaa5ecd29cb31c0474bca7d756b6bb29e3f28/license'

npm manifest: 
  {
    "name": "gatsby-starter-blog",
    "description": "Starter Gatsby Blog",
    "version": "1.0.0",
    "author": "Kyle Mathews <mathews.kyle@gmail.com>",
    "bugs": {
      "url": "https://github.com/gatsbyjs/gatsby-starter-blog/issues"
    },
    "dependencies": {
      "gatsby": "^2.0.19",
      "gatsby-plugin-feed": "^2.0.8",
      "gatsby-plugin-google-analytics": "^2.0.5",
      "gatsby-plugin-manifest": "^2.0.5",
      "gatsby-plugin-offline": "^2.0.5",
      "gatsby-plugin-react-helmet": "^3.0.0",
      "gatsby-plugin-sharp": "^2.0.6",
      "gatsby-plugin-typography": "^2.2.0",
      "gatsby-remark-copy-linked-files": "^2.0.5",
      "gatsby-remark-images": "^2.0.4",
      "gatsby-remark-prismjs": "^3.0.0",
      "gatsby-remark-responsive-iframe": "^2.0.5",
      "gatsby-remark-smartypants": "^2.0.5",
      "gatsby-source-filesystem": "^2.0.2",
      "gatsby-transformer-remark": "^2.1.6",
      "gatsby-transformer-sharp": "^2.1.3",
      "lodash": "^4.17.11",
      "prismjs": "^1.15.0",
      "react": "^16.5.1",
      "react-dom": "^16.5.1",
      "react-helmet": "^5.2.0",
      "react-typography": "^0.16.13",
      "typeface-merriweather": "0.0.43",
      "typeface-montserrat": "0.0.43",
      "typography": "^0.16.17",
      "typography-theme-wordpress-2016": "^0.15.10"
    },
    "devDependencies": {
      "eslint": "^4.19.1",
      "eslint-plugin-react": "^7.11.1",
      "gh-pages": "^1.2.0",
      "prettier": "^1.14.2"
    },
    "homepage": "https://github.com/gatsbyjs/gatsby-starter-blog#readme",
    "keywords": [
      "gatsby"
    ],
    "license": "MIT",
    "main": "n/a",
    "repository": {
      "type": "git",
      "url": "git+https://github.com/gatsbyjs/gatsby-starter-blog.git"
    },
    "scripts": {
      "dev": "gatsby develop",
      "lint": "./node_modules/.bin/eslint --ext .js,.jsx --ignore-pattern public .",
      "test": "echo \"Error: no test specified\" && exit 1",
      "format": "prettier --trailing-comma es5 --no-semi --single-quote --write 'src/**/*.js' 'src/**/*.md'",
      "develop": "gatsby develop",
      "start": "npm run develop",
      "build": "gatsby build",
      "deploy": "gatsby build --prefix-paths && gh-pages -d public",
      "fix-semi": "eslint --quiet --ignore-pattern node_modules --ignore-pattern public --parser babel-eslint --no-eslintrc --rule '{\"semi\": [2, \"never\"], \"no-extra-semi\": [2]}' --fix gatsby-node.js"
    }
  }

yarn manifest: 
  No manifest

Lockfile: 
  No lockfile
